*** Spin definitions ***
Number of spins: Spin #1: Spin #2: Spin #3: cmd: cmd: cmd: cmd: cmd: cmd: cmd: cmd: cmd: cmd: cmd: cmd: cmd: cmd: cmd: cmd: cmd: cmd: cmd: cmd: cmd: cmd: cmd: cmd: cmd: cmd: cmd: cmd: cmd: cmd: cmd: cmd: cmd: cmd: cmd: cmd: cmd: 
                                       -0.5 -0.5 -0.5              0.5 -0.5 -0.5              -0.5 0.5 -0.5               0.5 0.5 -0.5              -0.5 -0.5 0.5               0.5 -0.5 0.5               -0.5 0.5 0.5                0.5 0.5 0.5 
            -0.5 -0.5 -0.5 (3.750000e+00,0.000000e+00) (0.000000e+00,0.000000e+00) (0.000000e+00,0.000000e+00) (0.000000e+00,0.000000e+00) (0.000000e+00,0.000000e+00) (0.000000e+00,0.000000e+00) (0.000000e+00,0.000000e+00) (0.000000e+00,0.000000e+00) 
             0.5 -0.5 -0.5 (0.000000e+00,0.000000e+00) (1.750000e+00,0.000000e+00) (1.000000e+00,0.000000e+00) (0.000000e+00,0.000000e+00) (1.000000e+00,0.000000e+00) (0.000000e+00,0.000000e+00) (0.000000e+00,0.000000e+00) (0.000000e+00,0.000000e+00) 
             -0.5 0.5 -0.5 (0.000000e+00,0.000000e+00) (1.000000e+00,0.000000e+00) (1.750000e+00,0.000000e+00) (0.000000e+00,0.000000e+00) (1.000000e+00,0.000000e+00) (0.000000e+00,0.000000e+00) (0.000000e+00,0.000000e+00) (0.000000e+00,0.000000e+00) 
              0.5 0.5 -0.5 (0.000000e+00,0.000000e+00) (0.000000e+00,0.000000e+00) (0.000000e+00,0.000000e+00) (1.750000e+00,0.000000e+00) (0.000000e+00,0.000000e+00) (1.000000e+00,0.000000e+00) (1.000000e+00,0.000000e+00) (0.000000e+00,0.000000e+00) 
             -0.5 -0.5 0.5 (0.000000e+00,0.000000e+00) (1.000000e+00,0.000000e+00) (1.000000e+00,0.000000e+00) (0.000000e+00,0.000000e+00) (1.750000e+00,0.000000e+00) (0.000000e+00,0.000000e+00) (0.000000e+00,0.000000e+00) (0.000000e+00,0.000000e+00) 
              0.5 -0.5 0.5 (0.000000e+00,0.000000e+00) (0.000000e+00,0.000000e+00) (0.000000e+00,0.000000e+00) (1.000000e+00,0.000000e+00) (0.000000e+00,0.000000e+00) (1.750000e+00,0.000000e+00) (1.000000e+00,0.000000e+00) (0.000000e+00,0.000000e+00) 
              -0.5 0.5 0.5 (0.000000e+00,0.000000e+00) (0.000000e+00,0.000000e+00) (0.000000e+00,0.000000e+00) (1.000000e+00,0.000000e+00) (0.000000e+00,0.000000e+00) (1.000000e+00,0.000000e+00) (1.750000e+00,0.000000e+00) (0.000000e+00,0.000000e+00) 
               0.5 0.5 0.5 (0.000000e+00,0.000000e+00) (0.000000e+00,0.000000e+00) (0.000000e+00,0.000000e+00) (0.000000e+00,0.000000e+00) (0.000000e+00,0.000000e+00) (0.000000e+00,0.000000e+00) (0.000000e+00,0.000000e+00) (3.750000e+00,0.000000e+00) 
cmd: cmd: 
Eigen value: 7.500000e-01
Eigen vector: 0.000000e+00 -4.082483e-01 -4.082483e-01 0.000000e+00 8.164966e-01 0.000000e+00 0.000000e+00 0.000000e+00 

Eigen value: 7.500000e-01
Eigen vector: -0.000000e+00 -0.000000e+00 -0.000000e+00 4.082483e-01 -0.000000e+00 4.082483e-01 -8.164966e-01 -0.000000e+00 

Eigen value: 7.500000e-01
Eigen vector: 0.000000e+00 0.000000e+00 0.000000e+00 -7.071068e-01 0.000000e+00 7.071068e-01 0.000000e+00 0.000000e+00 

Eigen value: 7.500000e-01
Eigen vector: 0.000000e+00 7.071068e-01 -7.071068e-01 0.000000e+00 0.000000e+00 0.000000e+00 0.000000e+00 0.000000e+00 

Eigen value: 3.750000e+00
Eigen vector: -0.000000e+00 5.773503e-01 5.773503e-01 -0.000000e+00 5.773503e-01 -0.000000e+00 -0.000000e+00 -0.000000e+00 

Eigen value: 3.750000e+00
Eigen vector: 0.000000e+00 0.000000e+00 0.000000e+00 5.773503e-01 0.000000e+00 5.773503e-01 5.773503e-01 0.000000e+00 

Eigen value: 3.750000e+00
Eigen vector: 1.000000e+00 0.000000e+00 0.000000e+00 0.000000e+00 0.000000e+00 0.000000e+00 0.000000e+00 0.000000e+00 

Eigen value: 3.750000e+00
Eigen vector: 0.000000e+00 0.000000e+00 0.000000e+00 0.000000e+00 0.000000e+00 0.000000e+00 0.000000e+00 1.000000e+00 

cmd: 