*** Spin definitions ***
Number of spins: Spin #1: Spin #2: Spin #3: cmd: cmd: cmd: cmd: cmd: cmd: cmd: cmd: cmd: cmd: cmd: cmd: cmd: cmd: cmd: cmd: cmd: 
                                          0.5 0.5 1.0               -0.5 0.5 1.0               0.5 -0.5 1.0              -0.5 -0.5 1.0               0.5 0.5 -0.0              -0.5 0.5 -0.0              0.5 -0.5 -0.0             -0.5 -0.5 -0.0               0.5 0.5 -1.0              -0.5 0.5 -1.0              0.5 -0.5 -1.0             -0.5 -0.5 -1.0 
               0.5 0.5 1.0 (1.000000e+00,0.000000e+00) (0.000000e+00,0.000000e+00) (0.000000e+00,0.000000e+00) (0.000000e+00,0.000000e+00) (0.000000e+00,0.000000e+00) (0.000000e+00,0.000000e+00) (0.000000e+00,0.000000e+00) (0.000000e+00,0.000000e+00) (0.000000e+00,0.000000e+00) (0.000000e+00,0.000000e+00) (0.000000e+00,0.000000e+00) (0.000000e+00,0.000000e+00) 
              -0.5 0.5 1.0 (0.000000e+00,0.000000e+00) (0.000000e+00,0.000000e+00) (0.000000e+00,0.000000e+00) (0.000000e+00,0.000000e+00) (7.071068e-01,0.000000e+00) (0.000000e+00,0.000000e+00) (0.000000e+00,0.000000e+00) (0.000000e+00,0.000000e+00) (0.000000e+00,0.000000e+00) (0.000000e+00,0.000000e+00) (0.000000e+00,0.000000e+00) (0.000000e+00,0.000000e+00) 
              0.5 -0.5 1.0 (0.000000e+00,0.000000e+00) (0.000000e+00,0.000000e+00) (0.000000e+00,0.000000e+00) (0.000000e+00,0.000000e+00) (7.071068e-01,0.000000e+00) (0.000000e+00,0.000000e+00) (0.000000e+00,0.000000e+00) (0.000000e+00,0.000000e+00) (0.000000e+00,0.000000e+00) (0.000000e+00,0.000000e+00) (0.000000e+00,0.000000e+00) (0.000000e+00,0.000000e+00) 
             -0.5 -0.5 1.0 (0.000000e+00,0.000000e+00) (0.000000e+00,0.000000e+00) (0.000000e+00,0.000000e+00) (-1.000000e+00,0.000000e+00) (0.000000e+00,0.000000e+00) (7.071068e-01,0.000000e+00) (7.071068e-01,0.000000e+00) (0.000000e+00,0.000000e+00) (0.000000e+00,0.000000e+00) (0.000000e+00,0.000000e+00) (0.000000e+00,0.000000e+00) (0.000000e+00,0.000000e+00) 
              0.5 0.5 -0.0 (0.000000e+00,0.000000e+00) (7.071068e-01,0.000000e+00) (7.071068e-01,0.000000e+00) (0.000000e+00,0.000000e+00) (0.000000e+00,0.000000e+00) (0.000000e+00,0.000000e+00) (0.000000e+00,0.000000e+00) (0.000000e+00,0.000000e+00) (0.000000e+00,0.000000e+00) (0.000000e+00,0.000000e+00) (0.000000e+00,0.000000e+00) (0.000000e+00,0.000000e+00) 
             -0.5 0.5 -0.0 (0.000000e+00,0.000000e+00) (0.000000e+00,0.000000e+00) (0.000000e+00,0.000000e+00) (7.071068e-01,0.000000e+00) (0.000000e+00,0.000000e+00) (0.000000e+00,0.000000e+00) (0.000000e+00,0.000000e+00) (0.000000e+00,0.000000e+00) (7.071068e-01,0.000000e+00) (0.000000e+00,0.000000e+00) (0.000000e+00,0.000000e+00) (0.000000e+00,0.000000e+00) 
             0.5 -0.5 -0.0 (0.000000e+00,0.000000e+00) (0.000000e+00,0.000000e+00) (0.000000e+00,0.000000e+00) (7.071068e-01,0.000000e+00) (0.000000e+00,0.000000e+00) (0.000000e+00,0.000000e+00) (0.000000e+00,0.000000e+00) (0.000000e+00,0.000000e+00) (7.071068e-01,0.000000e+00) (0.000000e+00,0.000000e+00) (0.000000e+00,0.000000e+00) (0.000000e+00,0.000000e+00) 
            -0.5 -0.5 -0.0 (0.000000e+00,0.000000e+00) (0.000000e+00,0.000000e+00) (0.000000e+00,0.000000e+00) (0.000000e+00,0.000000e+00) (0.000000e+00,0.000000e+00) (0.000000e+00,0.000000e+00) (0.000000e+00,0.000000e+00) (0.000000e+00,0.000000e+00) (0.000000e+00,0.000000e+00) (7.071068e-01,0.000000e+00) (7.071068e-01,0.000000e+00) (0.000000e+00,0.000000e+00) 
              0.5 0.5 -1.0 (0.000000e+00,0.000000e+00) (0.000000e+00,0.000000e+00) (0.000000e+00,0.000000e+00) (0.000000e+00,0.000000e+00) (0.000000e+00,0.000000e+00) (7.071068e-01,0.000000e+00) (7.071068e-01,0.000000e+00) (0.000000e+00,0.000000e+00) (-1.000000e+00,0.000000e+00) (0.000000e+00,0.000000e+00) (0.000000e+00,0.000000e+00) (0.000000e+00,0.000000e+00) 
             -0.5 0.5 -1.0 (0.000000e+00,0.000000e+00) (0.000000e+00,0.000000e+00) (0.000000e+00,0.000000e+00) (0.000000e+00,0.000000e+00) (0.000000e+00,0.000000e+00) (0.000000e+00,0.000000e+00) (0.000000e+00,0.000000e+00) (7.071068e-01,0.000000e+00) (0.000000e+00,0.000000e+00) (0.000000e+00,0.000000e+00) (0.000000e+00,0.000000e+00) (0.000000e+00,0.000000e+00) 
             0.5 -0.5 -1.0 (0.000000e+00,0.000000e+00) (0.000000e+00,0.000000e+00) (0.000000e+00,0.000000e+00) (0.000000e+00,0.000000e+00) (0.000000e+00,0.000000e+00) (0.000000e+00,0.000000e+00) (0.000000e+00,0.000000e+00) (7.071068e-01,0.000000e+00) (0.000000e+00,0.000000e+00) (0.000000e+00,0.000000e+00) (0.000000e+00,0.000000e+00) (0.000000e+00,0.000000e+00) 
            -0.5 -0.5 -1.0 (0.000000e+00,0.000000e+00) (0.000000e+00,0.000000e+00) (0.000000e+00,0.000000e+00) (0.000000e+00,0.000000e+00) (0.000000e+00,0.000000e+00) (0.000000e+00,0.000000e+00) (0.000000e+00,0.000000e+00) (0.000000e+00,0.000000e+00) (0.000000e+00,0.000000e+00) (0.000000e+00,0.000000e+00) (0.000000e+00,0.000000e+00) (1.000000e+00,0.000000e+00) 
cmd: cmd: 
Eigen value: -2.000000e+00
Eigen vector: 0.000000e+00 0.000000e+00 0.000000e+00 5.773503e-01 0.000000e+00 -4.082483e-01 -4.082483e-01 0.000000e+00 5.773503e-01 0.000000e+00 0.000000e+00 0.000000e+00 

Eigen value: -1.000000e+00
Eigen vector: -0.000000e+00 -0.000000e+00 -0.000000e+00 -0.000000e+00 -0.000000e+00 -0.000000e+00 -0.000000e+00 7.071068e-01 -0.000000e+00 -5.000000e-01 -5.000000e-01 -0.000000e+00 

Eigen value: -1.000000e+00
Eigen vector: -0.000000e+00 5.000000e-01 5.000000e-01 -0.000000e+00 -7.071068e-01 -0.000000e+00 -0.000000e+00 -0.000000e+00 -0.000000e+00 -0.000000e+00 -0.000000e+00 -0.000000e+00 

Eigen value: -1.000000e-00
Eigen vector: 0.000000e+00 0.000000e+00 0.000000e+00 -7.071068e-01 0.000000e+00 1.496790e-17 9.995326e-17 0.000000e+00 7.071068e-01 0.000000e+00 0.000000e+00 0.000000e+00 

Eigen value: -1.110223e-16
Eigen vector: 0.000000e+00 0.000000e+00 0.000000e+00 1.881633e-16 0.000000e+00 7.071068e-01 -7.071068e-01 0.000000e+00 3.388132e-17 0.000000e+00 0.000000e+00 0.000000e+00 

Eigen value: 0.000000e+00
Eigen vector: 0.000000e+00 7.071068e-01 -7.071068e-01 0.000000e+00 0.000000e+00 0.000000e+00 0.000000e+00 0.000000e+00 0.000000e+00 0.000000e+00 0.000000e+00 0.000000e+00 

Eigen value: 1.808788e-16
Eigen vector: 0.000000e+00 0.000000e+00 0.000000e+00 0.000000e+00 0.000000e+00 0.000000e+00 0.000000e+00 -1.833691e-16 0.000000e+00 -7.071068e-01 7.071068e-01 0.000000e+00 

Eigen value: 1.000000e+00
Eigen vector: -0.000000e+00 -0.000000e+00 -0.000000e+00 4.082483e-01 -0.000000e+00 5.773503e-01 5.773503e-01 -0.000000e+00 4.082483e-01 -0.000000e+00 -0.000000e+00 -0.000000e+00 

Eigen value: 1.000000e+00
Eigen vector: 1.000000e+00 0.000000e+00 0.000000e+00 0.000000e+00 0.000000e+00 0.000000e+00 0.000000e+00 0.000000e+00 0.000000e+00 0.000000e+00 0.000000e+00 0.000000e+00 

Eigen value: 1.000000e+00
Eigen vector: 0.000000e+00 0.000000e+00 0.000000e+00 0.000000e+00 0.000000e+00 0.000000e+00 0.000000e+00 0.000000e+00 0.000000e+00 0.000000e+00 0.000000e+00 1.000000e+00 

Eigen value: 1.000000e+00
Eigen vector: 0.000000e+00 0.000000e+00 0.000000e+00 0.000000e+00 0.000000e+00 0.000000e+00 0.000000e+00 -7.071068e-01 0.000000e+00 -5.000000e-01 -5.000000e-01 0.000000e+00 

Eigen value: 1.000000e+00
Eigen vector: 0.000000e+00 5.000000e-01 5.000000e-01 0.000000e+00 7.071068e-01 0.000000e+00 0.000000e+00 0.000000e+00 0.000000e+00 0.000000e+00 0.000000e+00 0.000000e+00 

cmd: 